<?xml version="1.0" encoding="UTF-8"?>
<!-- Generated by org.testng.reporters.JUnitXMLReporter -->
<testsuite ignored="0" hostname="BINTERNS-QA35L" failures="0" tests="14" name="Default test" time="43.493" errors="0" timestamp="2023-05-19T14:52:23 IST">
  <testcase classname="testmethod.Pharmeasy_plusmodule" name="Plus" time="2.928"/>
  <testcase classname="testmethod.Pharmeasy_plusmodule" name="Logo" time="0.03"/>
  <testcase classname="testmethod.Pharmeasy_plusmodule" name="Exclusive" time="1.043"/>
  <testcase classname="testmethod.Pharmeasy_plusmodule" name="Coupon" time="1.101"/>
  <testcase classname="testmethod.Pharmeasy_plusmodule" name="Login" time="21.324"/>
  <testcase classname="testmethod.Pharmeasy_plusmodule" name="Plan" time="1.045"/>
  <testcase classname="testmethod.Pharmeasy_plusmodule" name="Plan_membership" time="1.064"/>
  <testcase classname="testmethod.Pharmeasy_plusmodule" name="Add_cart" time="2.889"/>
  <testcase classname="testmethod.Pharmeasy_plusmodule" name="Plus_reback" time="2.697"/>
  <testcase classname="testmethod.Pharmeasy_plusmodule" name="Spending" time="0.024"/>
  <testcase classname="testmethod.Pharmeasy_plusmodule" name="Sure" time="1.062"/>
  <testcase classname="testmethod.Pharmeasy_plusmodule" name="User" time="1.52"/>
  <testcase classname="testmethod.Pharmeasy_plusmodule" name="Wallet" time="5.508"/>
  <testcase classname="testmethod.Pharmeasy_plusmodule" name="Work" time="1.118"/>
</testsuite> <!-- Default test -->
